0 info it worked if it ends with ok
1 verbose cli [ '/usr/local/bin/node', '/usr/local/bin/npm', 'run', 'watch' ]
2 info using npm@3.7.3
3 info using node@v5.8.0
4 verbose run-script [ 'prewatch', 'watch', 'postwatch' ]
5 info lifecycle scotch-player@1.0.0~prewatch: scotch-player@1.0.0
6 silly lifecycle scotch-player@1.0.0~prewatch: no script for prewatch, continuing
7 info lifecycle scotch-player@1.0.0~watch: scotch-player@1.0.0
8 verbose lifecycle scotch-player@1.0.0~watch: unsafe-perm in lifecycle true
9 verbose lifecycle scotch-player@1.0.0~watch: PATH: /usr/local/lib/node_modules/npm/bin/node-gyp-bin:/Users/yulu/Documents/DesktopProject/scotch-player/node_modules/.bin:/usr/local/bin:/Users/yulu/.rvm/gems/ruby-2.3.0/bin:/Users/yulu/.rvm/gems/ruby-2.3.0@global/bin:/Users/yulu/.rvm/rubies/ruby-2.3.0/bin:/Users/yulu/google-cloud-sdk/bin:/usr/local/bin:/usr/bin:/bin:/usr/sbin:/sbin:/opt/X11/bin:/Users/yulu/Library/Android/sdk/tools:/Users/yulu/Library/Android/sdk/platform-tools:/Users/yulu/.node/bin:/Users/yulu/.rvm/bin
10 verbose lifecycle scotch-player@1.0.0~watch: CWD: /Users/yulu/Documents/DesktopProject/scotch-player
11 silly lifecycle scotch-player@1.0.0~watch: Args: [ '-c',
11 silly lifecycle   'watchify app/app.js -t babelify -o public/js/bundle.js --debug --verbose' ]
12 info lifecycle scotch-player@1.0.0~watch: Failed to exec watch script
13 verbose stack Error: scotch-player@1.0.0 watch: `watchify app/app.js -t babelify -o public/js/bundle.js --debug --verbose`
13 verbose stack spawn ENOENT
13 verbose stack     at ChildProcess.<anonymous> (/usr/local/lib/node_modules/npm/lib/utils/spawn.js:17:16)
13 verbose stack     at emitTwo (events.js:100:13)
13 verbose stack     at ChildProcess.emit (events.js:185:7)
13 verbose stack     at maybeClose (internal/child_process.js:850:16)
13 verbose stack     at Process.ChildProcess._handle.onexit (internal/child_process.js:215:5)
14 verbose pkgid scotch-player@1.0.0
15 verbose cwd /Users/yulu/Documents/DesktopProject/scotch-player/app
16 error Darwin 16.1.0
17 error argv "/usr/local/bin/node" "/usr/local/bin/npm" "run" "watch"
18 error node v5.8.0
19 error npm  v3.7.3
20 error file sh
21 error code ELIFECYCLE
22 error errno ENOENT
23 error syscall spawn
24 error scotch-player@1.0.0 watch: `watchify app/app.js -t babelify -o public/js/bundle.js --debug --verbose`
24 error spawn ENOENT
25 error Failed at the scotch-player@1.0.0 watch script 'watchify app/app.js -t babelify -o public/js/bundle.js --debug --verbose'.
25 error Make sure you have the latest version of node.js and npm installed.
25 error If you do, this is most likely a problem with the scotch-player package,
25 error not with npm itself.
25 error Tell the author that this fails on your system:
25 error     watchify app/app.js -t babelify -o public/js/bundle.js --debug --verbose
25 error You can get information on how to open an issue for this project with:
25 error     npm bugs scotch-player
25 error Or if that isn't available, you can get their info via:
25 error     npm owner ls scotch-player
25 error There is likely additional logging output above.
26 verbose exit [ 1, true ]
